<?xml version="1.0" encoding="UTF-8"?>
<testng-results ignored="0" total="1" passed="1" failed="0" skipped="0">
  <reporter-output>
  </reporter-output>
  <suite started-at="2023-12-07T21:26:59 PST" name="Default suite" finished-at="2023-12-07T21:28:02 PST" duration-ms="62603">
    <groups>
    </groups>
    <test started-at="2023-12-07T21:26:59 PST" name="Default test" finished-at="2023-12-07T21:28:02 PST" duration-ms="62603">
      <class name="Campaign.CreateCampaign">
        <test-method is-config="true" signature="beforeSuite()[pri:0, instance:Campaign.CreateCampaign@79d8407f]" started-at="2023-12-07T21:26:59 PST" name="beforeSuite" finished-at="2023-12-07T21:26:59 PST" duration-ms="20" status="PASS">
          <reporter-output>
          </reporter-output>
        </test-method> <!-- beforeSuite -->
        <test-method is-config="true" signature="beforeTest()[pri:0, instance:Campaign.CreateCampaign@79d8407f]" started-at="2023-12-07T21:27:00 PST" name="beforeTest" finished-at="2023-12-07T21:27:00 PST" duration-ms="2" status="PASS">
          <reporter-output>
          </reporter-output>
        </test-method> <!-- beforeTest -->
        <test-method is-config="true" signature="beforeClass()[pri:0, instance:Campaign.CreateCampaign@79d8407f]" started-at="2023-12-07T21:27:00 PST" name="beforeClass" finished-at="2023-12-07T21:27:13 PST" duration-ms="13467" status="PASS">
          <reporter-output>
          </reporter-output>
        </test-method> <!-- beforeClass -->
        <test-method is-config="true" signature="beforeMethod()[pri:0, instance:Campaign.CreateCampaign@79d8407f]" started-at="2023-12-07T21:27:13 PST" name="beforeMethod" finished-at="2023-12-07T21:27:29 PST" duration-ms="15708" status="PASS">
          <reporter-output>
          </reporter-output>
        </test-method> <!-- beforeMethod -->
        <test-method signature="CreateCampaign()[pri:0, instance:Campaign.CreateCampaign@79d8407f]" started-at="2023-12-07T21:27:29 PST" name="CreateCampaign" finished-at="2023-12-07T21:27:58 PST" duration-ms="28937" status="PASS">
          <reporter-output>
          </reporter-output>
        </test-method> <!-- CreateCampaign -->
        <test-method is-config="true" signature="afterMethod()[pri:0, instance:Campaign.CreateCampaign@79d8407f]" started-at="2023-12-07T21:27:58 PST" name="afterMethod" finished-at="2023-12-07T21:28:01 PST" duration-ms="3008" status="PASS">
          <reporter-output>
          </reporter-output>
        </test-method> <!-- afterMethod -->
        <test-method is-config="true" signature="afterclass()[pri:0, instance:Campaign.CreateCampaign@79d8407f]" started-at="2023-12-07T21:28:01 PST" name="afterclass" finished-at="2023-12-07T21:28:02 PST" duration-ms="677" status="PASS">
          <reporter-output>
          </reporter-output>
        </test-method> <!-- afterclass -->
        <test-method is-config="true" signature="aftertest()[pri:0, instance:Campaign.CreateCampaign@79d8407f]" started-at="2023-12-07T21:28:02 PST" name="aftertest" finished-at="2023-12-07T21:28:02 PST" duration-ms="2" status="PASS">
          <reporter-output>
          </reporter-output>
        </test-method> <!-- aftertest -->
        <test-method is-config="true" signature="afterSuite()[pri:0, instance:Campaign.CreateCampaign@79d8407f]" started-at="2023-12-07T21:28:03 PST" name="afterSuite" finished-at="2023-12-07T21:28:03 PST" duration-ms="2" status="PASS">
          <reporter-output>
          </reporter-output>
        </test-method> <!-- afterSuite -->
      </class> <!-- Campaign.CreateCampaign -->
    </test> <!-- Default test -->
  </suite> <!-- Default suite -->
</testng-results>
